C:\Program Files\Microsoft Visual Studio\2022\Community\MSBuild\Microsoft\VC\v170\Microsoft.CppBuild.targets(517,5): warning MSB8028: промежуточный каталог (Debug\) содержит файлы, которые используются совместно с другим проектом (Комп.граф. №2.vcxproj).  Это может привести к ошибкам очистки и перестроения.
  main.cpp
C:\Users\79284\source\repos\Комп.граф. - сдвиг, поворот, маштаби. треугольника\Комп.граф. №2\graphics.h(281,5): warning C4273: getch: несовместимое связывание dll
C:\Program Files (x86)\Windows Kits\10\Include\10.0.19041.0\ucrt\conio.h(444,30): message : см. предыдущее определение "getch"
C:\Users\79284\source\repos\Комп.граф. - сдвиг, поворот, маштаби. треугольника\Комп.граф. №2\graphics.h(282,5): warning C4273: kbhit: несовместимое связывание dll
C:\Program Files (x86)\Windows Kits\10\Include\10.0.19041.0\ucrt\conio.h(450,30): message : см. предыдущее определение "kbhit"
C:\Users\79284\source\repos\Комп.граф. - сдвиг, поворот, маштаби. треугольника\Комп.граф. №2\main.cpp(16,23): warning C4305: инициализация: усечение из "double" в "float"
C:\Users\79284\source\repos\Комп.граф. - сдвиг, поворот, маштаби. треугольника\Комп.граф. №2\main.cpp(17,20): warning C4305: инициализация: усечение из "double" в "float"
C:\Users\79284\source\repos\Комп.граф. - сдвиг, поворот, маштаби. треугольника\Комп.граф. №2\main.cpp(31,23): warning C4244: аргумент: преобразование "float" в "int", возможна потеря данных
C:\Users\79284\source\repos\Комп.граф. - сдвиг, поворот, маштаби. треугольника\Комп.граф. №2\main.cpp(31,18): warning C4244: аргумент: преобразование "float" в "int", возможна потеря данных
C:\Users\79284\source\repos\Комп.граф. - сдвиг, поворот, маштаби. треугольника\Комп.граф. №2\main.cpp(31,13): warning C4244: аргумент: преобразование "float" в "int", возможна потеря данных
C:\Users\79284\source\repos\Комп.граф. - сдвиг, поворот, маштаби. треугольника\Комп.граф. №2\main.cpp(31,8): warning C4244: аргумент: преобразование "float" в "int", возможна потеря данных
C:\Users\79284\source\repos\Комп.граф. - сдвиг, поворот, маштаби. треугольника\Комп.граф. №2\main.cpp(33,23): warning C4244: аргумент: преобразование "float" в "int", возможна потеря данных
C:\Users\79284\source\repos\Комп.граф. - сдвиг, поворот, маштаби. треугольника\Комп.граф. №2\main.cpp(33,18): warning C4244: аргумент: преобразование "float" в "int", возможна потеря данных
C:\Users\79284\source\repos\Комп.граф. - сдвиг, поворот, маштаби. треугольника\Комп.граф. №2\main.cpp(33,13): warning C4244: аргумент: преобразование "float" в "int", возможна потеря данных
C:\Users\79284\source\repos\Комп.граф. - сдвиг, поворот, маштаби. треугольника\Комп.граф. №2\main.cpp(33,8): warning C4244: аргумент: преобразование "float" в "int", возможна потеря данных
C:\Users\79284\source\repos\Комп.граф. - сдвиг, поворот, маштаби. треугольника\Комп.граф. №2\main.cpp(35,23): warning C4244: аргумент: преобразование "float" в "int", возможна потеря данных
C:\Users\79284\source\repos\Комп.граф. - сдвиг, поворот, маштаби. треугольника\Комп.граф. №2\main.cpp(35,18): warning C4244: аргумент: преобразование "float" в "int", возможна потеря данных
C:\Users\79284\source\repos\Комп.граф. - сдвиг, поворот, маштаби. треугольника\Комп.граф. №2\main.cpp(35,13): warning C4244: аргумент: преобразование "float" в "int", возможна потеря данных
C:\Users\79284\source\repos\Комп.граф. - сдвиг, поворот, маштаби. треугольника\Комп.граф. №2\main.cpp(35,8): warning C4244: аргумент: преобразование "float" в "int", возможна потеря данных
C:\Users\79284\source\repos\Комп.граф. - сдвиг, поворот, маштаби. треугольника\Комп.граф. №2\main.cpp(38,23): warning C4244: аргумент: преобразование "float" в "int", возможна потеря данных
C:\Users\79284\source\repos\Комп.граф. - сдвиг, поворот, маштаби. треугольника\Комп.граф. №2\main.cpp(38,18): warning C4244: аргумент: преобразование "float" в "int", возможна потеря данных
C:\Users\79284\source\repos\Комп.граф. - сдвиг, поворот, маштаби. треугольника\Комп.граф. №2\main.cpp(38,13): warning C4244: аргумент: преобразование "float" в "int", возможна потеря данных
C:\Users\79284\source\repos\Комп.граф. - сдвиг, поворот, маштаби. треугольника\Комп.граф. №2\main.cpp(38,8): warning C4244: аргумент: преобразование "float" в "int", возможна потеря данных
C:\Users\79284\source\repos\Комп.граф. - сдвиг, поворот, маштаби. треугольника\Комп.граф. №2\main.cpp(40,23): warning C4244: аргумент: преобразование "float" в "int", возможна потеря данных
C:\Users\79284\source\repos\Комп.граф. - сдвиг, поворот, маштаби. треугольника\Комп.граф. №2\main.cpp(40,18): warning C4244: аргумент: преобразование "float" в "int", возможна потеря данных
C:\Users\79284\source\repos\Комп.граф. - сдвиг, поворот, маштаби. треугольника\Комп.граф. №2\main.cpp(40,13): warning C4244: аргумент: преобразование "float" в "int", возможна потеря данных
C:\Users\79284\source\repos\Комп.граф. - сдвиг, поворот, маштаби. треугольника\Комп.граф. №2\main.cpp(40,8): warning C4244: аргумент: преобразование "float" в "int", возможна потеря данных
C:\Users\79284\source\repos\Комп.граф. - сдвиг, поворот, маштаби. треугольника\Комп.граф. №2\main.cpp(43,23): warning C4244: аргумент: преобразование "float" в "int", возможна потеря данных
C:\Users\79284\source\repos\Комп.граф. - сдвиг, поворот, маштаби. треугольника\Комп.граф. №2\main.cpp(43,18): warning C4244: аргумент: преобразование "float" в "int", возможна потеря данных
C:\Users\79284\source\repos\Комп.граф. - сдвиг, поворот, маштаби. треугольника\Комп.граф. №2\main.cpp(43,13): warning C4244: аргумент: преобразование "float" в "int", возможна потеря данных
C:\Users\79284\source\repos\Комп.граф. - сдвиг, поворот, маштаби. треугольника\Комп.граф. №2\main.cpp(43,8): warning C4244: аргумент: преобразование "float" в "int", возможна потеря данных
C:\Users\79284\source\repos\Комп.граф. - сдвиг, поворот, маштаби. треугольника\Комп.граф. №2\main.cpp(344,24): warning C4244: аргумент: преобразование "float" в "int", возможна потеря данных
C:\Users\79284\source\repos\Комп.граф. - сдвиг, поворот, маштаби. треугольника\Комп.граф. №2\main.cpp(344,19): warning C4244: аргумент: преобразование "float" в "int", возможна потеря данных
C:\Users\79284\source\repos\Комп.граф. - сдвиг, поворот, маштаби. треугольника\Комп.граф. №2\main.cpp(344,14): warning C4244: аргумент: преобразование "float" в "int", возможна потеря данных
C:\Users\79284\source\repos\Комп.граф. - сдвиг, поворот, маштаби. треугольника\Комп.граф. №2\main.cpp(344,9): warning C4244: аргумент: преобразование "float" в "int", возможна потеря данных
C:\Users\79284\source\repos\Комп.граф. - сдвиг, поворот, маштаби. треугольника\Комп.граф. №2\main.cpp(346,24): warning C4244: аргумент: преобразование "float" в "int", возможна потеря данных
C:\Users\79284\source\repos\Комп.граф. - сдвиг, поворот, маштаби. треугольника\Комп.граф. №2\main.cpp(346,19): warning C4244: аргумент: преобразование "float" в "int", возможна потеря данных
C:\Users\79284\source\repos\Комп.граф. - сдвиг, поворот, маштаби. треугольника\Комп.граф. №2\main.cpp(346,14): warning C4244: аргумент: преобразование "float" в "int", возможна потеря данных
C:\Users\79284\source\repos\Комп.граф. - сдвиг, поворот, маштаби. треугольника\Комп.граф. №2\main.cpp(346,9): warning C4244: аргумент: преобразование "float" в "int", возможна потеря данных
C:\Users\79284\source\repos\Комп.граф. - сдвиг, поворот, маштаби. треугольника\Комп.граф. №2\main.cpp(348,24): warning C4244: аргумент: преобразование "float" в "int", возможна потеря данных
C:\Users\79284\source\repos\Комп.граф. - сдвиг, поворот, маштаби. треугольника\Комп.граф. №2\main.cpp(348,19): warning C4244: аргумент: преобразование "float" в "int", возможна потеря данных
C:\Users\79284\source\repos\Комп.граф. - сдвиг, поворот, маштаби. треугольника\Комп.граф. №2\main.cpp(348,14): warning C4244: аргумент: преобразование "float" в "int", возможна потеря данных
C:\Users\79284\source\repos\Комп.граф. - сдвиг, поворот, маштаби. треугольника\Комп.граф. №2\main.cpp(348,9): warning C4244: аргумент: преобразование "float" в "int", возможна потеря данных
C:\Users\79284\source\repos\Комп.граф. - сдвиг, поворот, маштаби. треугольника\Комп.граф. №2\main.cpp(351,24): warning C4244: аргумент: преобразование "float" в "int", возможна потеря данных
C:\Users\79284\source\repos\Комп.граф. - сдвиг, поворот, маштаби. треугольника\Комп.граф. №2\main.cpp(351,19): warning C4244: аргумент: преобразование "float" в "int", возможна потеря данных
C:\Users\79284\source\repos\Комп.граф. - сдвиг, поворот, маштаби. треугольника\Комп.граф. №2\main.cpp(351,14): warning C4244: аргумент: преобразование "float" в "int", возможна потеря данных
C:\Users\79284\source\repos\Комп.граф. - сдвиг, поворот, маштаби. треугольника\Комп.граф. №2\main.cpp(351,9): warning C4244: аргумент: преобразование "float" в "int", возможна потеря данных
C:\Users\79284\source\repos\Комп.граф. - сдвиг, поворот, маштаби. треугольника\Комп.граф. №2\main.cpp(353,24): warning C4244: аргумент: преобразование "float" в "int", возможна потеря данных
C:\Users\79284\source\repos\Комп.граф. - сдвиг, поворот, маштаби. треугольника\Комп.граф. №2\main.cpp(353,19): warning C4244: аргумент: преобразование "float" в "int", возможна потеря данных
C:\Users\79284\source\repos\Комп.граф. - сдвиг, поворот, маштаби. треугольника\Комп.граф. №2\main.cpp(353,14): warning C4244: аргумент: преобразование "float" в "int", возможна потеря данных
C:\Users\79284\source\repos\Комп.граф. - сдвиг, поворот, маштаби. треугольника\Комп.граф. №2\main.cpp(353,9): warning C4244: аргумент: преобразование "float" в "int", возможна потеря данных
C:\Users\79284\source\repos\Комп.граф. - сдвиг, поворот, маштаби. треугольника\Комп.граф. №2\main.cpp(356,24): warning C4244: аргумент: преобразование "float" в "int", возможна потеря данных
C:\Users\79284\source\repos\Комп.граф. - сдвиг, поворот, маштаби. треугольника\Комп.граф. №2\main.cpp(356,19): warning C4244: аргумент: преобразование "float" в "int", возможна потеря данных
C:\Users\79284\source\repos\Комп.граф. - сдвиг, поворот, маштаби. треугольника\Комп.граф. №2\main.cpp(356,14): warning C4244: аргумент: преобразование "float" в "int", возможна потеря данных
C:\Users\79284\source\repos\Комп.граф. - сдвиг, поворот, маштаби. треугольника\Комп.граф. №2\main.cpp(356,9): warning C4244: аргумент: преобразование "float" в "int", возможна потеря данных
C:\Users\79284\source\repos\Комп.граф. - сдвиг, поворот, маштаби. треугольника\Комп.граф. №2\main.cpp(27,9): warning C4101: j: неиспользованная локальная переменная
C:\Users\79284\source\repos\Комп.граф. - сдвиг, поворот, маштаби. треугольника\Комп.граф. №2\main.cpp(27,6): warning C4101: i: неиспользованная локальная переменная
C:\Users\79284\source\repos\Комп.граф. - сдвиг, поворот, маштаби. треугольника\Комп.граф. №2\main.cpp(471,54): warning C4244: аргумент: преобразование "float" в "int", возможна потеря данных
C:\Users\79284\source\repos\Комп.граф. - сдвиг, поворот, маштаби. треугольника\Комп.граф. №2\main.cpp(471,39): warning C4244: аргумент: преобразование "float" в "int", возможна потеря данных
C:\Users\79284\source\repos\Комп.граф. - сдвиг, поворот, маштаби. треугольника\Комп.граф. №2\main.cpp(471,28): warning C4244: аргумент: преобразование "float" в "int", возможна потеря данных
C:\Users\79284\source\repos\Комп.граф. - сдвиг, поворот, маштаби. треугольника\Комп.граф. №2\main.cpp(471,13): warning C4244: аргумент: преобразование "float" в "int", возможна потеря данных
C:\Users\79284\source\repos\Комп.граф. - сдвиг, поворот, маштаби. треугольника\Комп.граф. №2\main.cpp(489,48): warning C4244: =: преобразование "double" в "float", возможна потеря данных
C:\Users\79284\source\repos\Комп.граф. - сдвиг, поворот, маштаби. треугольника\Комп.граф. №2\main.cpp(490,48): warning C4244: =: преобразование "double" в "float", возможна потеря данных
C:\Users\79284\source\repos\Комп.граф. - сдвиг, поворот, маштаби. треугольника\Комп.граф. №2\main.cpp(491,48): warning C4244: =: преобразование "double" в "float", возможна потеря данных
C:\Users\79284\source\repos\Комп.граф. - сдвиг, поворот, маштаби. треугольника\Комп.граф. №2\main.cpp(492,48): warning C4244: =: преобразование "double" в "float", возможна потеря данных
C:\Users\79284\source\repos\Комп.граф. - сдвиг, поворот, маштаби. треугольника\Комп.граф. №2\main.cpp(493,48): warning C4244: =: преобразование "double" в "float", возможна потеря данных
C:\Users\79284\source\repos\Комп.граф. - сдвиг, поворот, маштаби. треугольника\Комп.граф. №2\main.cpp(494,48): warning C4244: =: преобразование "double" в "float", возможна потеря данных
C:\Users\79284\source\repos\Комп.граф. - сдвиг, поворот, маштаби. треугольника\Комп.граф. №2\main.cpp(495,48): warning C4244: =: преобразование "double" в "float", возможна потеря данных
C:\Users\79284\source\repos\Комп.граф. - сдвиг, поворот, маштаби. треугольника\Комп.граф. №2\main.cpp(496,48): warning C4244: =: преобразование "double" в "float", возможна потеря данных
C:\Users\79284\source\repos\Комп.граф. - сдвиг, поворот, маштаби. треугольника\Комп.граф. №2\main.cpp(522,48): warning C4244: =: преобразование "double" в "float", возможна потеря данных
C:\Users\79284\source\repos\Комп.граф. - сдвиг, поворот, маштаби. треугольника\Комп.граф. №2\main.cpp(523,48): warning C4244: =: преобразование "double" в "float", возможна потеря данных
C:\Users\79284\source\repos\Комп.граф. - сдвиг, поворот, маштаби. треугольника\Комп.граф. №2\main.cpp(524,48): warning C4244: =: преобразование "double" в "float", возможна потеря данных
C:\Users\79284\source\repos\Комп.граф. - сдвиг, поворот, маштаби. треугольника\Комп.граф. №2\main.cpp(525,48): warning C4244: =: преобразование "double" в "float", возможна потеря данных
C:\Users\79284\source\repos\Комп.граф. - сдвиг, поворот, маштаби. треугольника\Комп.граф. №2\main.cpp(526,48): warning C4244: =: преобразование "double" в "float", возможна потеря данных
C:\Users\79284\source\repos\Комп.граф. - сдвиг, поворот, маштаби. треугольника\Комп.граф. №2\main.cpp(527,48): warning C4244: =: преобразование "double" в "float", возможна потеря данных
C:\Users\79284\source\repos\Комп.граф. - сдвиг, поворот, маштаби. треугольника\Комп.граф. №2\main.cpp(528,48): warning C4244: =: преобразование "double" в "float", возможна потеря данных
C:\Users\79284\source\repos\Комп.граф. - сдвиг, поворот, маштаби. треугольника\Комп.граф. №2\main.cpp(529,48): warning C4244: =: преобразование "double" в "float", возможна потеря данных
C:\Users\79284\source\repos\Комп.граф. - сдвиг, поворот, маштаби. треугольника\Комп.граф. №2\main.cpp(555,48): warning C4244: =: преобразование "double" в "float", возможна потеря данных
C:\Users\79284\source\repos\Комп.граф. - сдвиг, поворот, маштаби. треугольника\Комп.граф. №2\main.cpp(556,48): warning C4244: =: преобразование "double" в "float", возможна потеря данных
C:\Users\79284\source\repos\Комп.граф. - сдвиг, поворот, маштаби. треугольника\Комп.граф. №2\main.cpp(557,48): warning C4244: =: преобразование "double" в "float", возможна потеря данных
C:\Users\79284\source\repos\Комп.граф. - сдвиг, поворот, маштаби. треугольника\Комп.граф. №2\main.cpp(558,48): warning C4244: =: преобразование "double" в "float", возможна потеря данных
C:\Users\79284\source\repos\Комп.граф. - сдвиг, поворот, маштаби. треугольника\Комп.граф. №2\main.cpp(559,48): warning C4244: =: преобразование "double" в "float", возможна потеря данных
C:\Users\79284\source\repos\Комп.граф. - сдвиг, поворот, маштаби. треугольника\Комп.граф. №2\main.cpp(560,48): warning C4244: =: преобразование "double" в "float", возможна потеря данных
C:\Users\79284\source\repos\Комп.граф. - сдвиг, поворот, маштаби. треугольника\Комп.граф. №2\main.cpp(561,48): warning C4244: =: преобразование "double" в "float", возможна потеря данных
C:\Users\79284\source\repos\Комп.граф. - сдвиг, поворот, маштаби. треугольника\Комп.граф. №2\main.cpp(562,48): warning C4244: =: преобразование "double" в "float", возможна потеря данных
  Комп.граф. №2.vcxproj -> C:\Users\79284\source\repos\Комп.граф. - сдвиг, поворот, маштаби. треугольника\Debug\Комп.граф..exe
